[2024-11-22 12:31:59] production.ERROR: ErrorException: count(): Parameter must be an array or an object that implements Countable in C:\Users\HP\Desktop\DevOps\php-todo\vendor\symfony\process\Pipes\WindowsPipes.php:221
Stack trace:
#0 [internal function]: Illuminate\Foundation\Bootstrap\HandleExceptions->handleError(2, 'count(): Parame...', 'C:\\Users\\HP\\Des...', 221, Array)
#1 C:\Users\HP\Desktop\DevOps\php-todo\vendor\symfony\process\Pipes\WindowsPipes.php(221): count(NULL)
#2 C:\Users\HP\Desktop\DevOps\php-todo\vendor\symfony\process\Pipes\WindowsPipes.php(112): Symfony\Component\Process\Pipes\WindowsPipes->write(false, false)
#3 C:\Users\HP\Desktop\DevOps\php-todo\vendor\symfony\process\Process.php(1322): Symfony\Component\Process\Pipes\WindowsPipes->readAndWrite(false, false)
#4 C:\Users\HP\Desktop\DevOps\php-todo\vendor\symfony\process\Process.php(1260): Symfony\Component\Process\Process->readPipes(false, false)
#5 C:\Users\HP\Desktop\DevOps\php-todo\vendor\symfony\process\Process.php(305): Symfony\Component\Process\Process->updateStatus(false)
#6 C:\Users\HP\Desktop\DevOps\php-todo\vendor\symfony\process\Process.php(201): Symfony\Component\Process\Process->start(NULL)
#7 C:\Users\HP\Desktop\DevOps\php-todo\vendor\laravel\framework\src\Illuminate\Support\Composer.php(51): Symfony\Component\Process\Process->run()
#8 C:\Users\HP\Desktop\DevOps\php-todo\vendor\laravel\framework\src\Illuminate\Support\Composer.php(61): Illuminate\Support\Composer->dumpAutoloads('--optimize')
#9 C:\Users\HP\Desktop\DevOps\php-todo\vendor\laravel\framework\src\Illuminate\Foundation\Console\OptimizeCommand.php(59): Illuminate\Support\Composer->dumpOptimized()
#10 [internal function]: Illuminate\Foundation\Console\OptimizeCommand->fire()
#11 C:\Users\HP\Desktop\DevOps\php-todo\vendor\laravel\framework\src\Illuminate\Container\Container.php(507): call_user_func_array(Array, Array)
#12 C:\Users\HP\Desktop\DevOps\php-todo\vendor\laravel\framework\src\Illuminate\Console\Command.php(169): Illuminate\Container\Container->call(Array)
#13 C:\Users\HP\Desktop\DevOps\php-todo\vendor\symfony\console\Command\Command.php(256): Illuminate\Console\Command->execute(Object(Symfony\Component\Console\Input\ArgvInput), Object(Symfony\Component\Console\Output\ConsoleOutput))
#14 C:\Users\HP\Desktop\DevOps\php-todo\vendor\laravel\framework\src\Illuminate\Console\Command.php(155): Symfony\Component\Console\Command\Command->run(Object(Symfony\Component\Console\Input\ArgvInput), Object(Symfony\Component\Console\Output\ConsoleOutput))
#15 C:\Users\HP\Desktop\DevOps\php-todo\vendor\symfony\console\Application.php(791): Illuminate\Console\Command->run(Object(Symfony\Component\Console\Input\ArgvInput), Object(Symfony\Component\Console\Output\ConsoleOutput))
#16 C:\Users\HP\Desktop\DevOps\php-todo\vendor\symfony\console\Application.php(186): Symfony\Component\Console\Application->doRunCommand(Object(Illuminate\Foundation\Console\OptimizeCommand), Object(Symfony\Component\Console\Input\ArgvInput), Object(Symfony\Component\Console\Output\ConsoleOutput))
#17 C:\Users\HP\Desktop\DevOps\php-todo\vendor\symfony\console\Application.php(117): Symfony\Component\Console\Application->doRun(Object(Symfony\Component\Console\Input\ArgvInput), Object(Symfony\Component\Console\Output\ConsoleOutput))
#18 C:\Users\HP\Desktop\DevOps\php-todo\vendor\laravel\framework\src\Illuminate\Foundation\Console\Kernel.php(107): Symfony\Component\Console\Application->run(Object(Symfony\Component\Console\Input\ArgvInput), Object(Symfony\Component\Console\Output\ConsoleOutput))
#19 C:\Users\HP\Desktop\DevOps\php-todo\artisan(35): Illuminate\Foundation\Console\Kernel->handle(Object(Symfony\Component\Console\Input\ArgvInput), Object(Symfony\Component\Console\Output\ConsoleOutput))
#20 {main}  
[2024-11-22 12:37:58] production.ERROR: RuntimeException: View path not found. in C:\Users\HP\Desktop\DevOps\php-todo\vendor\laravel\framework\src\Illuminate\Foundation\Console\ViewClearCommand.php:55
Stack trace:
#0 [internal function]: Illuminate\Foundation\Console\ViewClearCommand->fire()
#1 C:\Users\HP\Desktop\DevOps\php-todo\vendor\laravel\framework\src\Illuminate\Container\Container.php(507): call_user_func_array(Array, Array)
#2 C:\Users\HP\Desktop\DevOps\php-todo\vendor\laravel\framework\src\Illuminate\Console\Command.php(169): Illuminate\Container\Container->call(Array)
#3 C:\Users\HP\Desktop\DevOps\php-todo\vendor\symfony\console\Command\Command.php(256): Illuminate\Console\Command->execute(Object(Symfony\Component\Console\Input\ArgvInput), Object(Symfony\Component\Console\Output\ConsoleOutput))
#4 C:\Users\HP\Desktop\DevOps\php-todo\vendor\laravel\framework\src\Illuminate\Console\Command.php(155): Symfony\Component\Console\Command\Command->run(Object(Symfony\Component\Console\Input\ArgvInput), Object(Symfony\Component\Console\Output\ConsoleOutput))
#5 C:\Users\HP\Desktop\DevOps\php-todo\vendor\symfony\console\Application.php(794): Illuminate\Console\Command->run(Object(Symfony\Component\Console\Input\ArgvInput), Object(Symfony\Component\Console\Output\ConsoleOutput))
#6 C:\Users\HP\Desktop\DevOps\php-todo\vendor\symfony\console\Application.php(186): Symfony\Component\Console\Application->doRunCommand(Object(Illuminate\Foundation\Console\ViewClearCommand), Object(Symfony\Component\Console\Input\ArgvInput), Object(Symfony\Component\Console\Output\ConsoleOutput))
#7 C:\Users\HP\Desktop\DevOps\php-todo\vendor\symfony\console\Application.php(117): Symfony\Component\Console\Application->doRun(Object(Symfony\Component\Console\Input\ArgvInput), Object(Symfony\Component\Console\Output\ConsoleOutput))
#8 C:\Users\HP\Desktop\DevOps\php-todo\vendor\laravel\framework\src\Illuminate\Foundation\Console\Kernel.php(107): Symfony\Component\Console\Application->run(Object(Symfony\Component\Console\Input\ArgvInput), Object(Symfony\Component\Console\Output\ConsoleOutput))
#9 C:\Users\HP\Desktop\DevOps\php-todo\artisan(35): Illuminate\Foundation\Console\Kernel->handle(Object(Symfony\Component\Console\Input\ArgvInput), Object(Symfony\Component\Console\Output\ConsoleOutput))
#10 {main}  
